{"name": "Проверка что после оформления заказа его номер появляется в разделе \"В работе\"", "status": "broken", "statusDetails": {"message": "selenium.common.exceptions.NoSuchElementException: Message: no such element: Unable to locate element: {\"method\":\"xpath\",\"selector\":\"//*[contains(@class,\"orderListReady\")]//li[contains(@class,\"digits-default\")]\"}\n  (Session info: chrome=123.0.6312.124); For documentation on this error, please visit: https://www.selenium.dev/documentation/webdriver/troubleshooting/errors#no-such-element-exception\nStacktrace:\n\tGetHandleVerifier [0x00007FF7FA9B7032+63090]\n\t(No symbol) [0x00007FF7FA922C82]\n\t(No symbol) [0x00007FF7FA7BEC65]\n\t(No symbol) [0x00007FF7FA80499D]\n\t(No symbol) [0x00007FF7FA804ADC]\n\t(No symbol) [0x00007FF7FA845B37]\n\t(No symbol) [0x00007FF7FA82701F]\n\t(No symbol) [0x00007FF7FA843412]\n\t(No symbol) [0x00007FF7FA826D83]\n\t(No symbol) [0x00007FF7FA7F83A8]\n\t(No symbol) [0x00007FF7FA7F9441]\n\tGetHandleVerifier [0x00007FF7FADB25AD+4238317]\n\tGetHandleVerifier [0x00007FF7FADEF70D+4488525]\n\tGetHandleVerifier [0x00007FF7FADE79EF+4456495]\n\tGetHandleVerifier [0x00007FF7FAA90576+953270]\n\t(No symbol) [0x00007FF7FA92E54F]\n\t(No symbol) [0x00007FF7FA929224]\n\t(No symbol) [0x00007FF7FA92935B]\n\t(No symbol) [0x00007FF7FA919B94]\n\tBaseThreadInitThunk [0x00007FFD28267344+20]\n\tRtlUserThreadStart [0x00007FFD290E26B1+33]", "trace": "self = <test_order_feed.TestOrderFeed object at 0x0000019A5AA89010>, request = <FixtureRequest for <Function test_check_work_now_order_success[driver_chrome]>>\ndriver = <selenium.webdriver.chrome.webdriver.WebDriver (session=\"4536b5d9930cebca23c1baeed7ae2112\")>\ncreate_user_login_and_delete = (<pages.main_page.MainPage object at 0x0000019A5ABF6330>, <pages.profile_page.ProfilePage object at 0x0000019A5ABF4080>)\n\n    @pytest.mark.parametrize(\n        'driver', ['driver_chrome', 'driver_firefox']\n    )\n    @allure.title('Проверка что после оформления заказа его номер появляется в разделе \"В работе\"')\n    def test_check_work_now_order_success(self, request, driver, create_user_login_and_delete):\n        driver = request.getfixturevalue(driver)\n        main_page, profile_page = create_user_login_and_delete\n        order_page = OrderFeedPage(driver)\n        main_page.check_order_btn_is_visible()\n        main_page.add_bun_to_order_basket()\n        main_page.click_on_order_btn()\n        main_page.check_x_btn_order_popup_is_clickable()\n        main_page.check_order_status_text_is_visible()\n        main_page.check_order_default_status_text_is_visible()\n        order = main_page.get_order_number()\n        main_page.click_on_x_btn_order_popup()\n        main_page.click_on_order_feed_button()\n        main_page.check_done_title_is_visible()\n>       order_in_work = order_page.get_order_number_in_work()\n\ntests\\test_order_feed.py:123: \n_ _ _ _ _ _ _ _ _ _ _ _ _ _ _ _ _ _ _ _ _ _ _ _ _ _ _ _ _ _ _ _ _ _ _ _ _ _ _ _ _ _ _ _ _ _ _ _ _ _ _ _ _ _ _ _ _ _ _ _ _ _ _ _ _ _ _ _ _ _ _ _ _ _ _ _ _ _ _ _ _ _ _ _ _ _ _ _ _ _ _ _ _ _ _ _ _ _ _ _ _ _ _ _ _ _ _ _ _ _ _ _ _ _\npages\\order_feed_page.py:37: in get_order_number_in_work\n    self.get_text_element(OrderPageLocators.order_in_work)\npages\\base_page.py:26: in get_text_element\n    return self.driver.find_element(*locator).text\n.venv\\Lib\\site-packages\\selenium\\webdriver\\remote\\webdriver.py:741: in find_element\n    return self.execute(Command.FIND_ELEMENT, {\"using\": by, \"value\": value})[\"value\"]\n.venv\\Lib\\site-packages\\selenium\\webdriver\\remote\\webdriver.py:347: in execute\n    self.error_handler.check_response(response)\n_ _ _ _ _ _ _ _ _ _ _ _ _ _ _ _ _ _ _ _ _ _ _ _ _ _ _ _ _ _ _ _ _ _ _ _ _ _ _ _ _ _ _ _ _ _ _ _ _ _ _ _ _ _ _ _ _ _ _ _ _ _ _ _ _ _ _ _ _ _ _ _ _ _ _ _ _ _ _ _ _ _ _ _ _ _ _ _ _ _ _ _ _ _ _ _ _ _ _ _ _ _ _ _ _ _ _ _ _ _ _ _ _ _\n\nself = <selenium.webdriver.remote.errorhandler.ErrorHandler object at 0x0000019A5ABF4B60>\nresponse = {'status': 404, 'value': '{\"value\":{\"error\":\"no such element\",\"message\":\"no such element: Unable to locate element: {\\...07FF7FA919B94]\\\\n\\\\tBaseThreadInitThunk [0x00007FFD28267344+20]\\\\n\\\\tRtlUserThreadStart [0x00007FFD290E26B1+33]\\\\n\"}}'}\n\n    def check_response(self, response: Dict[str, Any]) -> None:\n        \"\"\"Checks that a JSON response from the WebDriver does not have an\n        error.\n    \n        :Args:\n         - response - The JSON response from the WebDriver server as a dictionary\n           object.\n    \n        :Raises: If the response contains an error message.\n        \"\"\"\n        status = response.get(\"status\", None)\n        if not status or status == ErrorCode.SUCCESS:\n            return\n        value = None\n        message = response.get(\"message\", \"\")\n        screen: str = response.get(\"screen\", \"\")\n        stacktrace = None\n        if isinstance(status, int):\n            value_json = response.get(\"value\", None)\n            if value_json and isinstance(value_json, str):\n                import json\n    \n                try:\n                    value = json.loads(value_json)\n                    if len(value) == 1:\n                        value = value[\"value\"]\n                    status = value.get(\"error\", None)\n                    if not status:\n                        status = value.get(\"status\", ErrorCode.UNKNOWN_ERROR)\n                        message = value.get(\"value\") or value.get(\"message\")\n                        if not isinstance(message, str):\n                            value = message\n                            message = message.get(\"message\")\n                    else:\n                        message = value.get(\"message\", None)\n                except ValueError:\n                    pass\n    \n        exception_class: Type[WebDriverException]\n        e = ErrorCode()\n        error_codes = [item for item in dir(e) if not item.startswith(\"__\")]\n        for error_code in error_codes:\n            error_info = getattr(ErrorCode, error_code)\n            if isinstance(error_info, list) and status in error_info:\n                exception_class = getattr(ExceptionMapping, error_code, WebDriverException)\n                break\n        else:\n            exception_class = WebDriverException\n    \n        if not value:\n            value = response[\"value\"]\n        if isinstance(value, str):\n            raise exception_class(value)\n        if message == \"\" and \"message\" in value:\n            message = value[\"message\"]\n    \n        screen = None  # type: ignore[assignment]\n        if \"screen\" in value:\n            screen = value[\"screen\"]\n    \n        stacktrace = None\n        st_value = value.get(\"stackTrace\") or value.get(\"stacktrace\")\n        if st_value:\n            if isinstance(st_value, str):\n                stacktrace = st_value.split(\"\\n\")\n            else:\n                stacktrace = []\n                try:\n                    for frame in st_value:\n                        line = frame.get(\"lineNumber\", \"\")\n                        file = frame.get(\"fileName\", \"<anonymous>\")\n                        if line:\n                            file = f\"{file}:{line}\"\n                        meth = frame.get(\"methodName\", \"<anonymous>\")\n                        if \"className\" in frame:\n                            meth = f\"{frame['className']}.{meth}\"\n                        msg = \"    at %s (%s)\"\n                        msg = msg % (meth, file)\n                        stacktrace.append(msg)\n                except TypeError:\n                    pass\n        if exception_class == UnexpectedAlertPresentException:\n            alert_text = None\n            if \"data\" in value:\n                alert_text = value[\"data\"].get(\"text\")\n            elif \"alert\" in value:\n                alert_text = value[\"alert\"].get(\"text\")\n            raise exception_class(message, screen, stacktrace, alert_text)  # type: ignore[call-arg]  # mypy is not smart enough here\n>       raise exception_class(message, screen, stacktrace)\nE       selenium.common.exceptions.NoSuchElementException: Message: no such element: Unable to locate element: {\"method\":\"xpath\",\"selector\":\"//*[contains(@class,\"orderListReady\")]//li[contains(@class,\"digits-default\")]\"}\nE         (Session info: chrome=123.0.6312.124); For documentation on this error, please visit: https://www.selenium.dev/documentation/webdriver/troubleshooting/errors#no-such-element-exception\nE       Stacktrace:\nE       \tGetHandleVerifier [0x00007FF7FA9B7032+63090]\nE       \t(No symbol) [0x00007FF7FA922C82]\nE       \t(No symbol) [0x00007FF7FA7BEC65]\nE       \t(No symbol) [0x00007FF7FA80499D]\nE       \t(No symbol) [0x00007FF7FA804ADC]\nE       \t(No symbol) [0x00007FF7FA845B37]\nE       \t(No symbol) [0x00007FF7FA82701F]\nE       \t(No symbol) [0x00007FF7FA843412]\nE       \t(No symbol) [0x00007FF7FA826D83]\nE       \t(No symbol) [0x00007FF7FA7F83A8]\nE       \t(No symbol) [0x00007FF7FA7F9441]\nE       \tGetHandleVerifier [0x00007FF7FADB25AD+4238317]\nE       \tGetHandleVerifier [0x00007FF7FADEF70D+4488525]\nE       \tGetHandleVerifier [0x00007FF7FADE79EF+4456495]\nE       \tGetHandleVerifier [0x00007FF7FAA90576+953270]\nE       \t(No symbol) [0x00007FF7FA92E54F]\nE       \t(No symbol) [0x00007FF7FA929224]\nE       \t(No symbol) [0x00007FF7FA92935B]\nE       \t(No symbol) [0x00007FF7FA919B94]\nE       \tBaseThreadInitThunk [0x00007FFD28267344+20]\nE       \tRtlUserThreadStart [0x00007FFD290E26B1+33]\n\n.venv\\Lib\\site-packages\\selenium\\webdriver\\remote\\errorhandler.py:229: NoSuchElementException"}, "steps": [{"name": "Ожидаем видимость кнопки \"Оформить заказ\"", "status": "passed", "start": 1713626582413, "stop": 1713626582954}, {"name": "Добавление булки в корзину", "status": "passed", "steps": [{"name": "Перетаскивание элемента", "status": "passed", "parameters": [{"name": "locator_from", "value": "['xpath', \"//img[@alt='Флюоресцентная булка R2-D3']\"]"}, {"name": "locator_to", "value": "['xpath', \"//ul[@class='BurgerConstructor_basket__list__l9dp_']\"]"}], "start": 1713626582954, "stop": 1713626583032}], "start": 1713626582954, "stop": 1713626583032}, {"name": "Кликаем на кнопку \"Оформить заказ\"", "status": "passed", "start": 1713626583033, "stop": 1713626583086}, {"name": "Ждем кликабельности кнопки закрытияч попапа", "status": "passed", "start": 1713626583086, "stop": 1713626583119}, {"name": "Ждем пока будет видно заголовок", "status": "passed", "start": 1713626583119, "stop": 1713626583143}, {"name": "Ждем пока невидимый заголовок будет видно", "status": "passed", "start": 1713626583143, "stop": 1713626584200}, {"name": "Получение номера заказа", "status": "passed", "start": 1713626584201, "stop": 1713626584234}, {"name": "Кликаем по кнопке крестика после оформления заказа", "status": "passed", "start": 1713626584234, "stop": 1713626584296}, {"name": "Кликаем по кнопке \"Лента заказов\"", "status": "passed", "start": 1713626584296, "stop": 1713626584585}, {"name": "Ожидаем видимость кнопки \"Войти в аккаунт\"", "status": "passed", "start": 1713626584586, "stop": 1713626585123}, {"name": "Получение заказа по номеру в разделе \"В работе\"", "status": "broken", "statusDetails": {"message": "selenium.common.exceptions.NoSuchElementException: Message: no such element: Unable to locate element: {\"method\":\"xpath\",\"selector\":\"//*[contains(@class,\"orderListReady\")]//li[contains(@class,\"digits-default\")]\"}\n  (Session info: chrome=123.0.6312.124); For documentation on this error, please visit: https://www.selenium.dev/documentation/webdriver/troubleshooting/errors#no-such-element-exception\nStacktrace:\n\tGetHandleVerifier [0x00007FF7FA9B7032+63090]\n\t(No symbol) [0x00007FF7FA922C82]\n\t(No symbol) [0x00007FF7FA7BEC65]\n\t(No symbol) [0x00007FF7FA80499D]\n\t(No symbol) [0x00007FF7FA804ADC]\n\t(No symbol) [0x00007FF7FA845B37]\n\t(No symbol) [0x00007FF7FA82701F]\n\t(No symbol) [0x00007FF7FA843412]\n\t(No symbol) [0x00007FF7FA826D83]\n\t(No symbol) [0x00007FF7FA7F83A8]\n\t(No symbol) [0x00007FF7FA7F9441]\n\tGetHandleVerifier [0x00007FF7FADB25AD+4238317]\n\tGetHandleVerifier [0x00007FF7FADEF70D+4488525]\n\tGetHandleVerifier [0x00007FF7FADE79EF+4456495]\n\tGetHandleVerifier [0x00007FF7FAA90576+953270]\n\t(No symbol) [0x00007FF7FA92E54F]\n\t(No symbol) [0x00007FF7FA929224]\n\t(No symbol) [0x00007FF7FA92935B]\n\t(No symbol) [0x00007FF7FA919B94]\n\tBaseThreadInitThunk [0x00007FFD28267344+20]\n\tRtlUserThreadStart [0x00007FFD290E26B1+33]\n\n", "trace": "  File \"C:\\Users\\user\\yandex\\Diplom\\Diplom_3\\.venv\\Lib\\site-packages\\allure_commons\\_allure.py\", line 192, in impl\n    return func(*a, **kw)\n           ^^^^^^^^^^^^^^\n  File \"C:\\Users\\user\\yandex\\Diplom\\Diplom_3\\pages\\order_feed_page.py\", line 37, in get_order_number_in_work\n    self.get_text_element(OrderPageLocators.order_in_work)\n  File \"C:\\Users\\user\\yandex\\Diplom\\Diplom_3\\pages\\base_page.py\", line 26, in get_text_element\n    return self.driver.find_element(*locator).text\n           ^^^^^^^^^^^^^^^^^^^^^^^^^^^^^^^^^^\n  File \"C:\\Users\\user\\yandex\\Diplom\\Diplom_3\\.venv\\Lib\\site-packages\\selenium\\webdriver\\remote\\webdriver.py\", line 741, in find_element\n    return self.execute(Command.FIND_ELEMENT, {\"using\": by, \"value\": value})[\"value\"]\n           ^^^^^^^^^^^^^^^^^^^^^^^^^^^^^^^^^^^^^^^^^^^^^^^^^^^^^^^^^^^^^^^^^\n  File \"C:\\Users\\user\\yandex\\Diplom\\Diplom_3\\.venv\\Lib\\site-packages\\selenium\\webdriver\\remote\\webdriver.py\", line 347, in execute\n    self.error_handler.check_response(response)\n  File \"C:\\Users\\user\\yandex\\Diplom\\Diplom_3\\.venv\\Lib\\site-packages\\selenium\\webdriver\\remote\\errorhandler.py\", line 229, in check_response\n    raise exception_class(message, screen, stacktrace)\n"}, "start": 1713626585123, "stop": 1713626585136}], "parameters": [{"name": "driver", "value": "'driver_chrome'"}], "start": 1713626582412, "stop": 1713626585139, "uuid": "7187cba7-f86d-4a4a-b7c5-befb0262d956", "historyId": "0a62907b3d77294db4b637647d4f3bc4", "testCaseId": "1554bb96201006300a3d67b84aab0dcb", "fullName": "tests.test_order_feed.TestOrderFeed#test_check_work_now_order_success", "labels": [{"name": "parentSuite", "value": "tests"}, {"name": "suite", "value": "test_order_feed"}, {"name": "subSuite", "value": "TestOrderFeed"}, {"name": "host", "value": "WIN-R1RFFME11IE"}, {"name": "thread", "value": "11620-MainThread"}, {"name": "framework", "value": "pytest"}, {"name": "language", "value": "cpython3"}, {"name": "package", "value": "tests.test_order_feed"}]}